Detecting CXX compiler ABI info failed to compile with the following output:
Change Dir: /home/tangzhen/csc488/build/CMakeFiles/CMakeScratch/TryCompile-4BhYYp

Run Build Command(s):/usr/bin/gmake -f Makefile cmTC_b8ce0/fast && /usr/bin/gmake  -f CMakeFiles/cmTC_b8ce0.dir/build.make CMakeFiles/cmTC_b8ce0.dir/build
gmake[1]: Entering directory '/home/tangzhen/csc488/build/CMakeFiles/CMakeScratch/TryCompile-4BhYYp'
Building CXX object CMakeFiles/cmTC_b8ce0.dir/CMakeCXXCompilerABI.cpp.o
/usr/bin/clang++-15   -v -MD -MT CMakeFiles/cmTC_b8ce0.dir/CMakeCXXCompilerABI.cpp.o -MF CMakeFiles/cmTC_b8ce0.dir/CMakeCXXCompilerABI.cpp.o.d -o CMakeFiles/cmTC_b8ce0.dir/CMakeCXXCompilerABI.cpp.o -c /usr/share/cmake-3.25/Modules/CMakeCXXCompilerABI.cpp
Ubuntu clang version 15.0.7
Target: x86_64-pc-linux-gnu
Thread model: posix
InstalledDir: /usr/bin
Found candidate GCC installation: /usr/bin/../lib/gcc/x86_64-linux-gnu/11
Found candidate GCC installation: /usr/bin/../lib/gcc/x86_64-linux-gnu/12
Selected GCC installation: /usr/bin/../lib/gcc/x86_64-linux-gnu/12
Candidate multilib: .;@m64
Selected multilib: .;@m64
 (in-process)
 "/usr/lib/llvm-15/bin/clang" -cc1 -triple x86_64-pc-linux-gnu -emit-obj -mrelax-all --mrelax-relocations -disable-free -clear-ast-before-backend -disable-llvm-verifier -discard-value-names -main-file-name CMakeCXXCompilerABI.cpp -mrelocation-model pic -pic-level 2 -pic-is-pie -mframe-pointer=all -fmath-errno -ffp-contract=on -fno-rounding-math -mconstructor-aliases -funwind-tables=2 -target-cpu x86-64 -tune-cpu generic -mllvm -treat-scalable-fixed-error-as-warning -debugger-tuning=gdb -v -fcoverage-compilation-dir=/home/tangzhen/csc488/build/CMakeFiles/CMakeScratch/TryCompile-4BhYYp -resource-dir /usr/lib/llvm-15/lib/clang/15.0.7 -dependency-file CMakeFiles/cmTC_b8ce0.dir/CMakeCXXCompilerABI.cpp.o.d -MT CMakeFiles/cmTC_b8ce0.dir/CMakeCXXCompilerABI.cpp.o -sys-header-deps -internal-isystem /usr/bin/../lib/gcc/x86_64-linux-gnu/12/../../../../include/c++ -internal-isystem /usr/bin/../lib/gcc/x86_64-linux-gnu/12/../../../../include/c++/x86_64-linux-gnu -internal-isystem /usr/bin/../lib/gcc/x86_64-linux-gnu/12/../../../../include/c++/backward -internal-isystem /usr/lib/llvm-15/lib/clang/15.0.7/include -internal-isystem /usr/local/include -internal-isystem /usr/bin/../lib/gcc/x86_64-linux-gnu/12/../../../../x86_64-linux-gnu/include -internal-externc-isystem /usr/include/x86_64-linux-gnu -internal-externc-isystem /include -internal-externc-isystem /usr/include -fdeprecated-macro -fdebug-compilation-dir=/home/tangzhen/csc488/build/CMakeFiles/CMakeScratch/TryCompile-4BhYYp -ferror-limit 19 -fgnuc-version=4.2.1 -fcxx-exceptions -fexceptions -faddrsig -D__GCC_HAVE_DWARF2_CFI_ASM=1 -o CMakeFiles/cmTC_b8ce0.dir/CMakeCXXCompilerABI.cpp.o -x c++ /usr/share/cmake-3.25/Modules/CMakeCXXCompilerABI.cpp
clang -cc1 version 15.0.7 based upon LLVM 15.0.7 default target x86_64-pc-linux-gnu
ignoring nonexistent directory "/usr/bin/../lib/gcc/x86_64-linux-gnu/12/../../../../include/c++/x86_64-linux-gnu"
ignoring nonexistent directory "/usr/bin/../lib/gcc/x86_64-linux-gnu/12/../../../../include/c++/backward"
ignoring nonexistent directory "/usr/bin/../lib/gcc/x86_64-linux-gnu/12/../../../../x86_64-linux-gnu/include"
ignoring nonexistent directory "/include"
#include "..." search starts here:
#include <...> search starts here:
 /usr/bin/../lib/gcc/x86_64-linux-gnu/12/../../../../include/c++
 /usr/lib/llvm-15/lib/clang/15.0.7/include
 /usr/local/include
 /usr/include/x86_64-linux-gnu
 /usr/include
End of search list.
Linking CXX executable cmTC_b8ce0
/usr/bin/cmake -E cmake_link_script CMakeFiles/cmTC_b8ce0.dir/link.txt --verbose=1
/usr/bin/clang++-15  -v CMakeFiles/cmTC_b8ce0.dir/CMakeCXXCompilerABI.cpp.o -o cmTC_b8ce0 
Ubuntu clang version 15.0.7
Target: x86_64-pc-linux-gnu
Thread model: posix
InstalledDir: /usr/bin
Found candidate GCC installation: /usr/bin/../lib/gcc/x86_64-linux-gnu/11
Found candidate GCC installation: /usr/bin/../lib/gcc/x86_64-linux-gnu/12
Selected GCC installation: /usr/bin/../lib/gcc/x86_64-linux-gnu/12
Candidate multilib: .;@m64
Selected multilib: .;@m64
 "/usr/bin/ld" -pie -z relro --hash-style=gnu --build-id --eh-frame-hdr -m elf_x86_64 -dynamic-linker /lib64/ld-linux-x86-64.so.2 -o cmTC_b8ce0 /lib/x86_64-linux-gnu/Scrt1.o /lib/x86_64-linux-gnu/crti.o /usr/bin/../lib/gcc/x86_64-linux-gnu/12/crtbeginS.o -L/usr/bin/../lib/gcc/x86_64-linux-gnu/12 -L/usr/bin/../lib/gcc/x86_64-linux-gnu/12/../../../../lib64 -L/lib/x86_64-linux-gnu -L/lib/../lib64 -L/usr/lib/x86_64-linux-gnu -L/usr/lib/../lib64 -L/lib -L/usr/lib CMakeFiles/cmTC_b8ce0.dir/CMakeCXXCompilerABI.cpp.o -lstdc++ -lm -lgcc_s -lgcc -lc -lgcc_s -lgcc /usr/bin/../lib/gcc/x86_64-linux-gnu/12/crtendS.o /lib/x86_64-linux-gnu/crtn.o
/usr/bin/ld: cannot find -lstdc++: No such file or directory
clang: error: linker command failed with exit code 1 (use -v to see invocation)
gmake[1]: *** [CMakeFiles/cmTC_b8ce0.dir/build.make:100: cmTC_b8ce0] Error 1
gmake[1]: Leaving directory '/home/tangzhen/csc488/build/CMakeFiles/CMakeScratch/TryCompile-4BhYYp'
gmake: *** [Makefile:127: cmTC_b8ce0/fast] Error 2




Determining if the C++ compiler works failed with the following output:
Change Dir: /home/tangzhen/csc488/build/CMakeFiles/CMakeScratch/TryCompile-0RbZQB

Run Build Command(s):/usr/bin/gmake -f Makefile cmTC_e6437/fast && /usr/bin/gmake  -f CMakeFiles/cmTC_e6437.dir/build.make CMakeFiles/cmTC_e6437.dir/build
gmake[1]: Entering directory '/home/tangzhen/csc488/build/CMakeFiles/CMakeScratch/TryCompile-0RbZQB'
Building CXX object CMakeFiles/cmTC_e6437.dir/testCXXCompiler.cxx.o
/usr/bin/clang++-15    -MD -MT CMakeFiles/cmTC_e6437.dir/testCXXCompiler.cxx.o -MF CMakeFiles/cmTC_e6437.dir/testCXXCompiler.cxx.o.d -o CMakeFiles/cmTC_e6437.dir/testCXXCompiler.cxx.o -c /home/tangzhen/csc488/build/CMakeFiles/CMakeScratch/TryCompile-0RbZQB/testCXXCompiler.cxx
Linking CXX executable cmTC_e6437
/usr/bin/cmake -E cmake_link_script CMakeFiles/cmTC_e6437.dir/link.txt --verbose=1
/usr/bin/clang++-15 CMakeFiles/cmTC_e6437.dir/testCXXCompiler.cxx.o -o cmTC_e6437 
/usr/bin/ld: cannot find -lstdc++: No such file or directory
clang: error: linker command failed with exit code 1 (use -v to see invocation)
gmake[1]: *** [CMakeFiles/cmTC_e6437.dir/build.make:100: cmTC_e6437] Error 1
gmake[1]: Leaving directory '/home/tangzhen/csc488/build/CMakeFiles/CMakeScratch/TryCompile-0RbZQB'
gmake: *** [Makefile:127: cmTC_e6437/fast] Error 2



Detecting CXX compiler ABI info failed to compile with the following output:
Change Dir: /home/tangzhen/csc488/build/CMakeFiles/CMakeScratch/TryCompile-bMVLFC

Run Build Command(s):/usr/bin/gmake -f Makefile cmTC_e8d62/fast && /usr/bin/gmake  -f CMakeFiles/cmTC_e8d62.dir/build.make CMakeFiles/cmTC_e8d62.dir/build
gmake[1]: Entering directory '/home/tangzhen/csc488/build/CMakeFiles/CMakeScratch/TryCompile-bMVLFC'
Building CXX object CMakeFiles/cmTC_e8d62.dir/CMakeCXXCompilerABI.cpp.o
/usr/bin/clang++-15   -v -MD -MT CMakeFiles/cmTC_e8d62.dir/CMakeCXXCompilerABI.cpp.o -MF CMakeFiles/cmTC_e8d62.dir/CMakeCXXCompilerABI.cpp.o.d -o CMakeFiles/cmTC_e8d62.dir/CMakeCXXCompilerABI.cpp.o -c /usr/share/cmake-3.25/Modules/CMakeCXXCompilerABI.cpp
Ubuntu clang version 15.0.7
Target: x86_64-pc-linux-gnu
Thread model: posix
InstalledDir: /usr/bin
Found candidate GCC installation: /usr/bin/../lib/gcc/x86_64-linux-gnu/11
Found candidate GCC installation: /usr/bin/../lib/gcc/x86_64-linux-gnu/12
Selected GCC installation: /usr/bin/../lib/gcc/x86_64-linux-gnu/12
Candidate multilib: .;@m64
Selected multilib: .;@m64
 (in-process)
 "/usr/lib/llvm-15/bin/clang" -cc1 -triple x86_64-pc-linux-gnu -emit-obj -mrelax-all --mrelax-relocations -disable-free -clear-ast-before-backend -disable-llvm-verifier -discard-value-names -main-file-name CMakeCXXCompilerABI.cpp -mrelocation-model pic -pic-level 2 -pic-is-pie -mframe-pointer=all -fmath-errno -ffp-contract=on -fno-rounding-math -mconstructor-aliases -funwind-tables=2 -target-cpu x86-64 -tune-cpu generic -mllvm -treat-scalable-fixed-error-as-warning -debugger-tuning=gdb -v -fcoverage-compilation-dir=/home/tangzhen/csc488/build/CMakeFiles/CMakeScratch/TryCompile-bMVLFC -resource-dir /usr/lib/llvm-15/lib/clang/15.0.7 -dependency-file CMakeFiles/cmTC_e8d62.dir/CMakeCXXCompilerABI.cpp.o.d -MT CMakeFiles/cmTC_e8d62.dir/CMakeCXXCompilerABI.cpp.o -sys-header-deps -internal-isystem /usr/bin/../lib/gcc/x86_64-linux-gnu/12/../../../../include/c++ -internal-isystem /usr/bin/../lib/gcc/x86_64-linux-gnu/12/../../../../include/c++/x86_64-linux-gnu -internal-isystem /usr/bin/../lib/gcc/x86_64-linux-gnu/12/../../../../include/c++/backward -internal-isystem /usr/lib/llvm-15/lib/clang/15.0.7/include -internal-isystem /usr/local/include -internal-isystem /usr/bin/../lib/gcc/x86_64-linux-gnu/12/../../../../x86_64-linux-gnu/include -internal-externc-isystem /usr/include/x86_64-linux-gnu -internal-externc-isystem /include -internal-externc-isystem /usr/include -fdeprecated-macro -fdebug-compilation-dir=/home/tangzhen/csc488/build/CMakeFiles/CMakeScratch/TryCompile-bMVLFC -ferror-limit 19 -fgnuc-version=4.2.1 -fcxx-exceptions -fexceptions -faddrsig -D__GCC_HAVE_DWARF2_CFI_ASM=1 -o CMakeFiles/cmTC_e8d62.dir/CMakeCXXCompilerABI.cpp.o -x c++ /usr/share/cmake-3.25/Modules/CMakeCXXCompilerABI.cpp
clang -cc1 version 15.0.7 based upon LLVM 15.0.7 default target x86_64-pc-linux-gnu
ignoring nonexistent directory "/usr/bin/../lib/gcc/x86_64-linux-gnu/12/../../../../include/c++/x86_64-linux-gnu"
ignoring nonexistent directory "/usr/bin/../lib/gcc/x86_64-linux-gnu/12/../../../../include/c++/backward"
ignoring nonexistent directory "/usr/bin/../lib/gcc/x86_64-linux-gnu/12/../../../../x86_64-linux-gnu/include"
ignoring nonexistent directory "/include"
#include "..." search starts here:
#include <...> search starts here:
 /usr/bin/../lib/gcc/x86_64-linux-gnu/12/../../../../include/c++
 /usr/lib/llvm-15/lib/clang/15.0.7/include
 /usr/local/include
 /usr/include/x86_64-linux-gnu
 /usr/include
End of search list.
Linking CXX executable cmTC_e8d62
/usr/bin/cmake -E cmake_link_script CMakeFiles/cmTC_e8d62.dir/link.txt --verbose=1
/usr/bin/clang++-15  -v CMakeFiles/cmTC_e8d62.dir/CMakeCXXCompilerABI.cpp.o -o cmTC_e8d62 
Ubuntu clang version 15.0.7
Target: x86_64-pc-linux-gnu
Thread model: posix
InstalledDir: /usr/bin
Found candidate GCC installation: /usr/bin/../lib/gcc/x86_64-linux-gnu/11
Found candidate GCC installation: /usr/bin/../lib/gcc/x86_64-linux-gnu/12
Selected GCC installation: /usr/bin/../lib/gcc/x86_64-linux-gnu/12
Candidate multilib: .;@m64
Selected multilib: .;@m64
 "/usr/bin/ld" -pie -z relro --hash-style=gnu --build-id --eh-frame-hdr -m elf_x86_64 -dynamic-linker /lib64/ld-linux-x86-64.so.2 -o cmTC_e8d62 /lib/x86_64-linux-gnu/Scrt1.o /lib/x86_64-linux-gnu/crti.o /usr/bin/../lib/gcc/x86_64-linux-gnu/12/crtbeginS.o -L/usr/bin/../lib/gcc/x86_64-linux-gnu/12 -L/usr/bin/../lib/gcc/x86_64-linux-gnu/12/../../../../lib64 -L/lib/x86_64-linux-gnu -L/lib/../lib64 -L/usr/lib/x86_64-linux-gnu -L/usr/lib/../lib64 -L/lib -L/usr/lib CMakeFiles/cmTC_e8d62.dir/CMakeCXXCompilerABI.cpp.o -lstdc++ -lm -lgcc_s -lgcc -lc -lgcc_s -lgcc /usr/bin/../lib/gcc/x86_64-linux-gnu/12/crtendS.o /lib/x86_64-linux-gnu/crtn.o
/usr/bin/ld: cannot find -lstdc++: No such file or directory
clang: error: linker command failed with exit code 1 (use -v to see invocation)
gmake[1]: *** [CMakeFiles/cmTC_e8d62.dir/build.make:100: cmTC_e8d62] Error 1
gmake[1]: Leaving directory '/home/tangzhen/csc488/build/CMakeFiles/CMakeScratch/TryCompile-bMVLFC'
gmake: *** [Makefile:127: cmTC_e8d62/fast] Error 2




Determining if the C++ compiler works failed with the following output:
Change Dir: /home/tangzhen/csc488/build/CMakeFiles/CMakeScratch/TryCompile-MS2a8r

Run Build Command(s):/usr/bin/gmake -f Makefile cmTC_9a1a2/fast && /usr/bin/gmake  -f CMakeFiles/cmTC_9a1a2.dir/build.make CMakeFiles/cmTC_9a1a2.dir/build
gmake[1]: Entering directory '/home/tangzhen/csc488/build/CMakeFiles/CMakeScratch/TryCompile-MS2a8r'
Building CXX object CMakeFiles/cmTC_9a1a2.dir/testCXXCompiler.cxx.o
/usr/bin/clang++-15    -MD -MT CMakeFiles/cmTC_9a1a2.dir/testCXXCompiler.cxx.o -MF CMakeFiles/cmTC_9a1a2.dir/testCXXCompiler.cxx.o.d -o CMakeFiles/cmTC_9a1a2.dir/testCXXCompiler.cxx.o -c /home/tangzhen/csc488/build/CMakeFiles/CMakeScratch/TryCompile-MS2a8r/testCXXCompiler.cxx
Linking CXX executable cmTC_9a1a2
/usr/bin/cmake -E cmake_link_script CMakeFiles/cmTC_9a1a2.dir/link.txt --verbose=1
/usr/bin/clang++-15 CMakeFiles/cmTC_9a1a2.dir/testCXXCompiler.cxx.o -o cmTC_9a1a2 
/usr/bin/ld: cannot find -lstdc++: No such file or directory
clang: error: linker command failed with exit code 1 (use -v to see invocation)
gmake[1]: *** [CMakeFiles/cmTC_9a1a2.dir/build.make:100: cmTC_9a1a2] Error 1
gmake[1]: Leaving directory '/home/tangzhen/csc488/build/CMakeFiles/CMakeScratch/TryCompile-MS2a8r'
gmake: *** [Makefile:127: cmTC_9a1a2/fast] Error 2



Detecting CXX compiler ABI info failed to compile with the following output:
Change Dir: /home/tangzhen/csc488/build/CMakeFiles/CMakeScratch/TryCompile-knwgNa

Run Build Command(s):/usr/bin/gmake -f Makefile cmTC_e18f9/fast && /usr/bin/gmake  -f CMakeFiles/cmTC_e18f9.dir/build.make CMakeFiles/cmTC_e18f9.dir/build
gmake[1]: Entering directory '/home/tangzhen/csc488/build/CMakeFiles/CMakeScratch/TryCompile-knwgNa'
Building CXX object CMakeFiles/cmTC_e18f9.dir/CMakeCXXCompilerABI.cpp.o
/usr/bin/clang++-15   -v -MD -MT CMakeFiles/cmTC_e18f9.dir/CMakeCXXCompilerABI.cpp.o -MF CMakeFiles/cmTC_e18f9.dir/CMakeCXXCompilerABI.cpp.o.d -o CMakeFiles/cmTC_e18f9.dir/CMakeCXXCompilerABI.cpp.o -c /usr/share/cmake-3.25/Modules/CMakeCXXCompilerABI.cpp
Ubuntu clang version 15.0.7
Target: x86_64-pc-linux-gnu
Thread model: posix
InstalledDir: /usr/bin
Found candidate GCC installation: /usr/bin/../lib/gcc/x86_64-linux-gnu/11
Found candidate GCC installation: /usr/bin/../lib/gcc/x86_64-linux-gnu/12
Selected GCC installation: /usr/bin/../lib/gcc/x86_64-linux-gnu/12
Candidate multilib: .;@m64
Selected multilib: .;@m64
 (in-process)
 "/usr/lib/llvm-15/bin/clang" -cc1 -triple x86_64-pc-linux-gnu -emit-obj -mrelax-all --mrelax-relocations -disable-free -clear-ast-before-backend -disable-llvm-verifier -discard-value-names -main-file-name CMakeCXXCompilerABI.cpp -mrelocation-model pic -pic-level 2 -pic-is-pie -mframe-pointer=all -fmath-errno -ffp-contract=on -fno-rounding-math -mconstructor-aliases -funwind-tables=2 -target-cpu x86-64 -tune-cpu generic -mllvm -treat-scalable-fixed-error-as-warning -debugger-tuning=gdb -v -fcoverage-compilation-dir=/home/tangzhen/csc488/build/CMakeFiles/CMakeScratch/TryCompile-knwgNa -resource-dir /usr/lib/llvm-15/lib/clang/15.0.7 -dependency-file CMakeFiles/cmTC_e18f9.dir/CMakeCXXCompilerABI.cpp.o.d -MT CMakeFiles/cmTC_e18f9.dir/CMakeCXXCompilerABI.cpp.o -sys-header-deps -internal-isystem /usr/bin/../lib/gcc/x86_64-linux-gnu/12/../../../../include/c++ -internal-isystem /usr/bin/../lib/gcc/x86_64-linux-gnu/12/../../../../include/c++/x86_64-linux-gnu -internal-isystem /usr/bin/../lib/gcc/x86_64-linux-gnu/12/../../../../include/c++/backward -internal-isystem /usr/lib/llvm-15/lib/clang/15.0.7/include -internal-isystem /usr/local/include -internal-isystem /usr/bin/../lib/gcc/x86_64-linux-gnu/12/../../../../x86_64-linux-gnu/include -internal-externc-isystem /usr/include/x86_64-linux-gnu -internal-externc-isystem /include -internal-externc-isystem /usr/include -fdeprecated-macro -fdebug-compilation-dir=/home/tangzhen/csc488/build/CMakeFiles/CMakeScratch/TryCompile-knwgNa -ferror-limit 19 -fgnuc-version=4.2.1 -fcxx-exceptions -fexceptions -faddrsig -D__GCC_HAVE_DWARF2_CFI_ASM=1 -o CMakeFiles/cmTC_e18f9.dir/CMakeCXXCompilerABI.cpp.o -x c++ /usr/share/cmake-3.25/Modules/CMakeCXXCompilerABI.cpp
clang -cc1 version 15.0.7 based upon LLVM 15.0.7 default target x86_64-pc-linux-gnu
ignoring nonexistent directory "/usr/bin/../lib/gcc/x86_64-linux-gnu/12/../../../../include/c++/x86_64-linux-gnu"
ignoring nonexistent directory "/usr/bin/../lib/gcc/x86_64-linux-gnu/12/../../../../include/c++/backward"
ignoring nonexistent directory "/usr/bin/../lib/gcc/x86_64-linux-gnu/12/../../../../x86_64-linux-gnu/include"
ignoring nonexistent directory "/include"
#include "..." search starts here:
#include <...> search starts here:
 /usr/bin/../lib/gcc/x86_64-linux-gnu/12/../../../../include/c++
 /usr/lib/llvm-15/lib/clang/15.0.7/include
 /usr/local/include
 /usr/include/x86_64-linux-gnu
 /usr/include
End of search list.
Linking CXX executable cmTC_e18f9
/usr/bin/cmake -E cmake_link_script CMakeFiles/cmTC_e18f9.dir/link.txt --verbose=1
/usr/bin/clang++-15  -v CMakeFiles/cmTC_e18f9.dir/CMakeCXXCompilerABI.cpp.o -o cmTC_e18f9 
Ubuntu clang version 15.0.7
Target: x86_64-pc-linux-gnu
Thread model: posix
InstalledDir: /usr/bin
Found candidate GCC installation: /usr/bin/../lib/gcc/x86_64-linux-gnu/11
Found candidate GCC installation: /usr/bin/../lib/gcc/x86_64-linux-gnu/12
Selected GCC installation: /usr/bin/../lib/gcc/x86_64-linux-gnu/12
Candidate multilib: .;@m64
Selected multilib: .;@m64
 "/usr/bin/ld" -pie -z relro --hash-style=gnu --build-id --eh-frame-hdr -m elf_x86_64 -dynamic-linker /lib64/ld-linux-x86-64.so.2 -o cmTC_e18f9 /lib/x86_64-linux-gnu/Scrt1.o /lib/x86_64-linux-gnu/crti.o /usr/bin/../lib/gcc/x86_64-linux-gnu/12/crtbeginS.o -L/usr/bin/../lib/gcc/x86_64-linux-gnu/12 -L/usr/bin/../lib/gcc/x86_64-linux-gnu/12/../../../../lib64 -L/lib/x86_64-linux-gnu -L/lib/../lib64 -L/usr/lib/x86_64-linux-gnu -L/usr/lib/../lib64 -L/lib -L/usr/lib CMakeFiles/cmTC_e18f9.dir/CMakeCXXCompilerABI.cpp.o -lstdc++ -lm -lgcc_s -lgcc -lc -lgcc_s -lgcc /usr/bin/../lib/gcc/x86_64-linux-gnu/12/crtendS.o /lib/x86_64-linux-gnu/crtn.o
/usr/bin/ld: cannot find -lstdc++: No such file or directory
clang: error: linker command failed with exit code 1 (use -v to see invocation)
gmake[1]: *** [CMakeFiles/cmTC_e18f9.dir/build.make:100: cmTC_e18f9] Error 1
gmake[1]: Leaving directory '/home/tangzhen/csc488/build/CMakeFiles/CMakeScratch/TryCompile-knwgNa'
gmake: *** [Makefile:127: cmTC_e18f9/fast] Error 2




Determining if the C++ compiler works failed with the following output:
Change Dir: /home/tangzhen/csc488/build/CMakeFiles/CMakeScratch/TryCompile-GQ95DH

Run Build Command(s):/usr/bin/gmake -f Makefile cmTC_55a57/fast && /usr/bin/gmake  -f CMakeFiles/cmTC_55a57.dir/build.make CMakeFiles/cmTC_55a57.dir/build
gmake[1]: Entering directory '/home/tangzhen/csc488/build/CMakeFiles/CMakeScratch/TryCompile-GQ95DH'
Building CXX object CMakeFiles/cmTC_55a57.dir/testCXXCompiler.cxx.o
/usr/bin/clang++-15    -MD -MT CMakeFiles/cmTC_55a57.dir/testCXXCompiler.cxx.o -MF CMakeFiles/cmTC_55a57.dir/testCXXCompiler.cxx.o.d -o CMakeFiles/cmTC_55a57.dir/testCXXCompiler.cxx.o -c /home/tangzhen/csc488/build/CMakeFiles/CMakeScratch/TryCompile-GQ95DH/testCXXCompiler.cxx
Linking CXX executable cmTC_55a57
/usr/bin/cmake -E cmake_link_script CMakeFiles/cmTC_55a57.dir/link.txt --verbose=1
/usr/bin/clang++-15 CMakeFiles/cmTC_55a57.dir/testCXXCompiler.cxx.o -o cmTC_55a57 
/usr/bin/ld: cannot find -lstdc++: No such file or directory
clang: error: linker command failed with exit code 1 (use -v to see invocation)
gmake[1]: *** [CMakeFiles/cmTC_55a57.dir/build.make:100: cmTC_55a57] Error 1
gmake[1]: Leaving directory '/home/tangzhen/csc488/build/CMakeFiles/CMakeScratch/TryCompile-GQ95DH'
gmake: *** [Makefile:127: cmTC_55a57/fast] Error 2



